This is pdfeTeX, Version 3.14159-1.10b-2.1 (Web2C 7.4.5) (format=pdflatex 2006.1.17)  21 OCT 2006 07:50
entering extended mode
**presentationsimplified.tex
(/usr/share/texmf/tex/latex/tools/q.tex{/usr/share/texmf/pdftex/config/pdftex.c
fg}
LaTeX2e <2001/06/01>
Babel <v3.7h> and hyphenation patterns for american, nohyphenation, catalan, ir
ish, icelandic, swedish, loaded.
File ignored
)
! Emergency stop.
<*> presentationsimplified.tex
                              
*** (job aborted, no legal \end found)

 
Here is how much of TeX's memory you used:
 8 strings out of 95257
 148 string characters out of 1188231
 44552 words of memory out of 1000001
 3159 multiletter control sequences out of 10000+50000
 3640 words of font info for 14 fonts, out of 500000 for 1000
 86 hyphenation exceptions out of 1000
 5i,0n,1p,106b,8s stack positions out of 1500i,500n,5000p,200000b,5000s
 0 PDF objects out of 300000
 0 named destinations out of 131072
 0 words of extra memory for PDF output out of 65536
No pages of output.
