This is pdfeTeX, Version 3.141592-1.30.5-2.2 (Web2C 7.5.5) (format=pdflatex 2007.2.5)  21 FEB 2007 10:05
entering extended mode
**closedsubgroupofliegroupislie.tex
(/usr/share/texmf-texlive/tex/latex/tools/x.tex
LaTeX2e <2003/12/01>
Babel <v3.8g> and hyphenation patterns for english, usenglishmax, dumylang, noh
yphenation, croatian, ukrainian, russian, bulgarian, czech, slovak, danish, dut
ch, finnish, french, basque, german, ngerman, greek, monogreek, ancientgreek, i
bycus, hungarian, italian, latin, mongolian, norsk, slovene, estonian, welsh, i
nterlingua, icelandic, uppersorbian, romanian, indonesian, coptic, turkish, ser
bian, polish, portuguese, spanish, catalan, swedish, ukenglish, loaded.

! .
l.33   \batchmode \errmessage{}
                               \csname @@end\endcsname \end
This error message was generated by an \errmessage
command, so I can't give any explicit help.
Pretend that you're Hercule Poirot: Examine all clues,
and deduce the truth by order and method.

 ) 
Here is how much of TeX's memory you used:
 8 strings out of 94312
 267 string characters out of 1171649
 47601 words of memory out of 1000000
 3330 multiletter control sequences out of 10000+50000
 3640 words of font info for 14 fonts, out of 500000 for 2000
 647 hyphenation exceptions out of 8191
 5i,0n,1p,113b,8s stack positions out of 1500i,500n,5000p,200000b,5000s
PDF statistics:
 0 PDF objects out of 300000
 0 named destinations out of 131072
 1 words of extra memory for PDF output out of 10000

No pages of output.
