\BOOKMARK [1][-]{section*.1}{Executive summary}{}% 1
\BOOKMARK [2][-]{subsection.0.1}{0.1. Vector-valued functions, limits, and continuity}{section*.1}% 2
\BOOKMARK [2][-]{subsection.0.2}{0.2. Top-down and bottom-up descriptions}{section*.1}% 3
\BOOKMARK [2][-]{subsection.0.3}{0.3. Differentiation, tangent vectors, integration}{section*.1}% 4
\BOOKMARK [1][-]{section.1}{1. Vector-valued functions, parametric descriptions and more}{}% 5
\BOOKMARK [2][-]{subsection.1.1}{1.1. Vector-valued functions and parametric descriptions of curves}{section.1}% 6
\BOOKMARK [2][-]{subsection.1.2}{1.2. Domain convention for vector-valued functions}{section.1}% 7
\BOOKMARK [2][-]{subsection.1.3}{1.3. The two-dimensional and three-dimensional cases}{section.1}% 8
\BOOKMARK [2][-]{subsection.1.4}{1.4. Multiple inputs and multiple outputs}{section.1}% 9
\BOOKMARK [1][-]{section.2}{2. Operations on vector-valued functions}{}% 10
\BOOKMARK [2][-]{subsection.2.1}{2.1. Four kinds of additions}{section.2}% 11
\BOOKMARK [2][-]{subsection.2.2}{2.2. Scalar-vector multiplication, dot product, and cross product}{section.2}% 12
\BOOKMARK [1][-]{section.3}{3. Limits and continuity}{}% 13
\BOOKMARK [2][-]{subsection.3.1}{3.1. Definition of limit}{section.3}% 14
\BOOKMARK [2][-]{subsection.3.2}{3.2. Limit theorems}{section.3}% 15
\BOOKMARK [2][-]{subsection.3.3}{3.3. Continuous vector-valued functions}{section.3}% 16
\BOOKMARK [2][-]{subsection.3.4}{3.4. Continuity theorems}{section.3}% 17
\BOOKMARK [2][-]{subsection.3.5}{3.5. Intermediate value theorem fails to have an analogue}{section.3}% 18
\BOOKMARK [1][-]{section.4}{4. Top-down versus bottom-up: revisiting dimensionality arithmetic}{}% 19
\BOOKMARK [2][-]{subsection.4.1}{4.1. Top-down in n dimensions}{section.4}% 20
\BOOKMARK [2][-]{subsection.4.2}{4.2. Bottom-up in n dimensions}{section.4}% 21
\BOOKMARK [2][-]{subsection.4.3}{4.3. Dimension, codimension, and intersection theory}{section.4}% 22
\BOOKMARK [2][-]{subsection.4.4}{4.4. Curves in the plane}{section.4}% 23
\BOOKMARK [2][-]{subsection.4.5}{4.5. Collision of curves}{section.4}% 24
\BOOKMARK [2][-]{subsection.4.6}{4.6. Space curves}{section.4}% 25
\BOOKMARK [2][-]{subsection.4.7}{4.7. Collision of space curves}{section.4}% 26
\BOOKMARK [1][-]{section.5}{5. Differentiation of vector-valued functions}{}% 27
\BOOKMARK [2][-]{subsection.5.1}{5.1. Definition of derivative}{section.5}% 28
\BOOKMARK [2][-]{subsection.5.2}{5.2. Definition of higher derivatives}{section.5}% 29
\BOOKMARK [2][-]{subsection.5.3}{5.3. Rule for addition and scalar multiplication}{section.5}% 30
\BOOKMARK [2][-]{subsection.5.4}{5.4. Rule for scalar multiplication}{section.5}% 31
\BOOKMARK [2][-]{subsection.5.5}{5.5. Rule for dot product}{section.5}% 32
\BOOKMARK [2][-]{subsection.5.6}{5.6. Rule for cross product}{section.5}% 33
\BOOKMARK [1][-]{section.6}{6. Tangent vectors}{}% 34
\BOOKMARK [2][-]{subsection.6.1}{6.1. Tangent vector in the context of a parameterization}{section.6}% 35
\BOOKMARK [2][-]{subsection.6.2}{6.2. Unit tangent vector to a curve}{section.6}% 36
\BOOKMARK [1][-]{section.7}{7. Integration of vector-valued functions}{}% 37
\BOOKMARK [2][-]{subsection.7.1}{7.1. Indefinite integration}{section.7}% 38
\BOOKMARK [2][-]{subsection.7.2}{7.2. Definite integration}{section.7}% 39
\BOOKMARK [2][-]{subsection.7.3}{7.3. Fundamental theorem of calculus}{section.7}% 40
\BOOKMARK [2][-]{subsection.7.4}{7.4. Sums and scalar multiples}{section.7}% 41
\BOOKMARK [2][-]{subsection.7.5}{7.5. Products and chains}{section.7}% 42
