\BOOKMARK [1][-]{section.1}{1. Getting started}{}
\BOOKMARK [2][-]{subsection.1.1}{1.1. Should I apply?}{section.1}
\BOOKMARK [2][-]{subsection.1.2}{1.2. Gearing for the general GRE}{section.1}
\BOOKMARK [2][-]{subsection.1.3}{1.3. The passport hassle}{section.1}
\BOOKMARK [2][-]{subsection.1.4}{1.4. Initial preparation for the general GRE}{section.1}
\BOOKMARK [1][-]{section.2}{2. Deciding my universities}{}
\BOOKMARK [2][-]{subsection.2.1}{2.1. Preliminary web-surfing}{section.2}
\BOOKMARK [2][-]{subsection.2.2}{2.2. Collecting information over email}{section.2}
\BOOKMARK [2][-]{subsection.2.3}{2.3. The final list}{section.2}
\BOOKMARK [1][-]{section.3}{3. Bookings}{}
\BOOKMARK [2][-]{subsection.3.1}{3.1. Subject GRE booking}{section.3}
\BOOKMARK [2][-]{subsection.3.2}{3.2. TOEFL iBT booking}{section.3}
\BOOKMARK [1][-]{section.4}{4. The exams begin}{}
\BOOKMARK [2][-]{subsection.4.1}{4.1. Preparation for the general GRE}{section.4}
\BOOKMARK [2][-]{subsection.4.2}{4.2. The general GRE examination}{section.4}
\BOOKMARK [2][-]{subsection.4.3}{4.3. The TOEFL iBT: preparation and examination}{section.4}
\BOOKMARK [2][-]{subsection.4.4}{4.4. Subject GRE: Preparation and examination}{section.4}
\BOOKMARK [2][-]{subsection.4.5}{4.5. Additional universities for general GRE}{section.4}
\BOOKMARK [2][-]{subsection.4.6}{4.6. Score report and additional universities for TOEFL}{section.4}
\BOOKMARK [2][-]{subsection.4.7}{4.7. Score report and additional universities for subject GRE}{section.4}
\BOOKMARK [1][-]{section.5}{5. Recommendations}{}
\BOOKMARK [2][-]{subsection.5.1}{5.1. Number of recommendations}{section.5}
\BOOKMARK [2][-]{subsection.5.2}{5.2. Whom should I take recommendations from?}{section.5}
\BOOKMARK [2][-]{subsection.5.3}{5.3. Professor Ramanan}{section.5}
\BOOKMARK [2][-]{subsection.5.4}{5.4. Dr. Amritanshu Prasad}{section.5}
\BOOKMARK [2][-]{subsection.5.5}{5.5. Professor Balaji}{section.5}
\BOOKMARK [2][-]{subsection.5.6}{5.6. Following up for recommendations}{section.5}
\BOOKMARK [1][-]{section.6}{6. Statement of purpose and resume}{}
\BOOKMARK [2][-]{subsection.6.1}{6.1. The resume}{section.6}
\BOOKMARK [2][-]{subsection.6.2}{6.2. Statement of purpose}{section.6}
\BOOKMARK [2][-]{subsection.6.3}{6.3. Some preliminary write-ups}{section.6}
\BOOKMARK [2][-]{subsection.6.4}{6.4. The first draft}{section.6}
\BOOKMARK [2][-]{subsection.6.5}{6.5. Working on the piece for Princeton}{section.6}
\BOOKMARK [2][-]{subsection.6.6}{6.6. The next batch of 3}{section.6}
\BOOKMARK [2][-]{subsection.6.7}{6.7. The next batch of 3}{section.6}
\BOOKMARK [2][-]{subsection.6.8}{6.8. The last one}{section.6}
\BOOKMARK [1][-]{section.7}{7. Making the final submissions}{}
\BOOKMARK [2][-]{subsection.7.1}{7.1. Getting sealed copies of the transcript}{section.7}
\BOOKMARK [2][-]{subsection.7.2}{7.2. Princeton submission}{section.7}
\BOOKMARK [2][-]{subsection.7.3}{7.3. Rutgers}{section.7}
\BOOKMARK [2][-]{subsection.7.4}{7.4. Pennsylvania}{section.7}
\BOOKMARK [2][-]{subsection.7.5}{7.5. Harvard}{section.7}
\BOOKMARK [2][-]{subsection.7.6}{7.6. Wisconsin-Madison, MIT, Chicago}{section.7}
\BOOKMARK [2][-]{subsection.7.7}{7.7. Caltech}{section.7}
\BOOKMARK [1][-]{section.8}{8. Summary}{}
\BOOKMARK [2][-]{subsection.8.1}{8.1. Expenses}{section.8}
\BOOKMARK [2][-]{subsection.8.2}{8.2. Timelines}{section.8}
